INFO:   Listening for SAML login on port 8020
INFO:   Authenticate at 'https://vpn.sia.utcluj.ro:443/remote/saml/start?redirect=1'
INFO:   Processing HTTP SAML request
INFO:   Connected to gateway.
INFO:   Authenticated.
INFO:   Remote gateway has allocated a VPN.
Using interface ppp0
Connect: ppp0 <--> /dev/pts/6
INFO:   Got addresses: [10.212.134.201], ns [192.168.110.3, 192.168.110.38]
INFO:   Negotiation complete.
Cannot determine ethernet address for proxy ARP
local  IP address 10.212.134.201
remote IP address 193.226.17.41
INFO:   Interface ppp0 is UP.
INFO:   Setting new routes...
INFO:   Adding VPN nameservers...
Dropped protocol specifier '.openfortivpn' from 'ppp0.openfortivpn'. Using 'ppp0' (ifindex=15).
INFO:   Tunnel is up and running.
INFO:   Cancelling threads...
INFO:   Cleanup, joining threads...
INFO:   Setting ppp0 interface down.
INFO:   Restoring routes...
INFO:   Removing VPN nameservers...
Dropped protocol specifier '.openfortivpn' from 'ppp0.openfortivpn'. Using 'ppp0' (ifindex=15).
Hangup (SIGHUP)
Modem hangup
Connect time 0.7 minutes.
Sent 13682 bytes, received 0 bytes.
Connection terminated.
INFO:   pppd: The link was terminated by the modem hanging up.
INFO:   Terminated pppd.
INFO:   Closed connection to gateway.
INFO:   Logged out.
INFO:   Listening for SAML login on port 8020
INFO:   Authenticate at 'https://vpn.sia.utcluj.ro:443/remote/saml/start?redirect=1'
INFO:   Processing HTTP SAML request
INFO:   Connected to gateway.
INFO:   Authenticated.
INFO:   Remote gateway has allocated a VPN.
Using interface ppp0
Connect: ppp0 <--> /dev/pts/6
INFO:   Got addresses: [10.212.134.201], ns [192.168.110.3, 192.168.110.38]
INFO:   Negotiation complete.
Cannot determine ethernet address for proxy ARP
local  IP address 10.212.134.201
remote IP address 193.226.17.41
INFO:   Interface ppp0 is UP.
INFO:   Setting new routes...
INFO:   Adding VPN nameservers...
Dropped protocol specifier '.openfortivpn' from 'ppp0.openfortivpn'. Using 'ppp0' (ifindex=16).
INFO:   Tunnel is up and running.
INFO:   Cancelling threads...
INFO:   Cleanup, joining threads...
INFO:   Setting ppp0 interface down.
INFO:   Restoring routes...
INFO:   Removing VPN nameservers...
Dropped protocol specifier '.openfortivpn' from 'ppp0.openfortivpn'. Using 'ppp0' (ifindex=16).
Hangup (SIGHUP)
Modem hangup
Connect time 0.3 minutes.
Sent 8760 bytes, received 0 bytes.
Connection terminated.
INFO:   pppd: The link was terminated by the modem hanging up.
INFO:   Terminated pppd.
INFO:   Closed connection to gateway.
INFO:   Logged out.
